W1207 13:37:12.468000 436291 site-packages/torch/distributed/run.py:803] 
W1207 13:37:12.468000 436291 site-packages/torch/distributed/run.py:803] *****************************************
W1207 13:37:12.468000 436291 site-packages/torch/distributed/run.py:803] Setting OMP_NUM_THREADS environment variable for each process to be 1 in default, to avoid your system being overloaded, please further tune the variable for optimal performance in your application as needed. 
W1207 13:37:12.468000 436291 site-packages/torch/distributed/run.py:803] *****************************************
Using DDP with 2 GPUs
Some weights of RobertaModel were not initialized from the model checkpoint at roberta-base and are newly initialized: ['pooler.dense.bias', 'pooler.dense.weight']
You should probably TRAIN this model on a down-stream task to be able to use it for predictions and inference.
Some weights of RobertaModel were not initialized from the model checkpoint at roberta-base and are newly initialized: ['pooler.dense.bias', 'pooler.dense.weight']
You should probably TRAIN this model on a down-stream task to be able to use it for predictions and inference.
[rank1]: Traceback (most recent call last):
[rank1]:   File "/home/omnigibson/Desktop/cv/nlp/paraJepa/main.py", line 176, in <module>
[rank1]:     main()
[rank1]:   File "/home/omnigibson/Desktop/cv/nlp/paraJepa/main.py", line 159, in main
[rank1]:     train_para_jepa(
[rank1]: TypeError: train_para_jepa() got an unexpected keyword argument 'use_ddp'
[rank0]: Traceback (most recent call last):
[rank0]:   File "/home/omnigibson/Desktop/cv/nlp/paraJepa/main.py", line 176, in <module>
[rank0]:     main()
[rank0]:   File "/home/omnigibson/Desktop/cv/nlp/paraJepa/main.py", line 159, in main
[rank0]:     train_para_jepa(
[rank0]: TypeError: train_para_jepa() got an unexpected keyword argument 'use_ddp'
E1207 13:37:23.619000 436291 site-packages/torch/distributed/elastic/multiprocessing/api.py:882] failed (exitcode: 1) local_rank: 0 (pid: 436395) of binary: /home/omnigibson/miniconda3/envs/cv/bin/python3.11
Traceback (most recent call last):
  File "/home/omnigibson/miniconda3/envs/cv/bin/torchrun", line 7, in <module>
    sys.exit(main())
             ^^^^^^
  File "/home/omnigibson/miniconda3/envs/cv/lib/python3.11/site-packages/torch/distributed/elastic/multiprocessing/errors/__init__.py", line 357, in wrapper
    return f(*args, **kwargs)
           ^^^^^^^^^^^^^^^^^^
  File "/home/omnigibson/miniconda3/envs/cv/lib/python3.11/site-packages/torch/distributed/run.py", line 936, in main
    run(args)
  File "/home/omnigibson/miniconda3/envs/cv/lib/python3.11/site-packages/torch/distributed/run.py", line 927, in run
    elastic_launch(
  File "/home/omnigibson/miniconda3/envs/cv/lib/python3.11/site-packages/torch/distributed/launcher/api.py", line 156, in __call__
    return launch_agent(self._config, self._entrypoint, list(args))
           ^^^^^^^^^^^^^^^^^^^^^^^^^^^^^^^^^^^^^^^^^^^^^^^^^^^^^^^^
  File "/home/omnigibson/miniconda3/envs/cv/lib/python3.11/site-packages/torch/distributed/launcher/api.py", line 293, in launch_agent
    raise ChildFailedError(
torch.distributed.elastic.multiprocessing.errors.ChildFailedError: 
============================================================
main.py FAILED
------------------------------------------------------------
Failures:
[1]:
  time      : 2025-12-07_13:37:23
  host      : hubu02
  rank      : 1 (local_rank: 1)
  exitcode  : 1 (pid: 436396)
  error_file: <N/A>
  traceback : To enable traceback see: https://pytorch.org/docs/stable/elastic/errors.html
------------------------------------------------------------
Root Cause (first observed failure):
[0]:
  time      : 2025-12-07_13:37:23
  host      : hubu02
  rank      : 0 (local_rank: 0)
  exitcode  : 1 (pid: 436395)
  error_file: <N/A>
  traceback : To enable traceback see: https://pytorch.org/docs/stable/elastic/errors.html
============================================================
